# JRE version: OpenJDK Runtime Environment Temurin-17.0.8.1+1 (17.0.8.1+1) (build 17.0.8.1+1)
# Java VM: OpenJDK 64-Bit Server VM Temurin-17.0.8.1+1 (17.0.8.1+1, mixed mode, tiered, compressed oops, compressed class ptrs, parallel gc, windows-amd64)
GC Precious Log:
 CPUs: 8 total, 8 available
 Memory: 10116M
 Large Page Support: Disabled
 NUMA Support: Disabled
 Compressed Oops: Enabled (32-bit)
 Alignments: Space 512K, Generation 512K, Heap 2M
 Heap Min Capacity: 100M
 Heap Initial Capacity: 100M
 Heap Max Capacity: 1G
 Pre-touch: Disabled
 Parallel Workers: 8
Heap:
 PSYoungGen      total 2560K, used 867K [0x00000000eab00000, 0x00000000eae80000, 0x0000000100000000)
  eden space 2048K, 31% used [0x00000000eab00000,0x00000000eaba0e38,0x00000000ead00000)
  from space 512K, 43% used [0x00000000eae00000,0x00000000eae38000,0x00000000eae80000)
  to   space 512K, 0% used [0x00000000ead00000,0x00000000ead00000,0x00000000ead80000)
 ParOldGen       total 285696K, used 246077K [0x00000000c0000000, 0x00000000d1700000, 0x00000000eab00000)
  object space 285696K, 86% used [0x00000000c0000000,0x00000000cf04f5d0,0x00000000d1700000)
 Metaspace       used 111033K, committed 112768K, reserved 1179648K
  class space    used 11153K, committed 11776K, reserved 1048576K
GC Heap History (20 events):
Event: 16311.253 GC heap before
{Heap before GC invocations=5326 (full 119):
 PSYoungGen      total 2560K, used 2422K [0x00000000eab00000, 0x00000000eb000000, 0x0000000100000000)
  eden space 1536K, 95% used [0x00000000eab00000,0x00000000eac6f968,0x00000000eac80000)
  from space 1024K, 92% used [0x00000000eaf00000,0x00000000eafee000,0x00000000eb000000)
  to   space 1536K, 0% used [0x00000000ead00000,0x00000000ead00000,0x00000000eae80000)
 ParOldGen       total 285696K, used 243005K [0x00000000c0000000, 0x00000000d1700000, 0x00000000eab00000)
  object space 285696K, 85% used [0x00000000c0000000,0x00000000ced4f5c0,0x00000000d1700000)
 Metaspace       used 111031K, committed 112768K, reserved 1179648K
  class space    used 11153K, committed 11776K, reserved 1048576K
}
Event: 16311.257 GC heap after
{Heap after GC invocations=5326 (full 119):
 PSYoungGen      total 3584K, used 1392K [0x00000000eab00000, 0x00000000eb000000, 0x0000000100000000)
  eden space 2048K, 0% used [0x00000000eab00000,0x00000000eab00000,0x00000000ead00000)
  from space 1536K, 90% used [0x00000000ead00000,0x00000000eae5c000,0x00000000eae80000)
  to   space 1536K, 0% used [0x00000000eae80000,0x00000000eae80000,0x00000000eb000000)
 ParOldGen       total 285696K, used 243533K [0x00000000c0000000, 0x00000000d1700000, 0x00000000eab00000)
  object space 285696K, 85% used [0x00000000c0000000,0x00000000cedd35c0,0x00000000d1700000)
 Metaspace       used 111031K, committed 112768K, reserved 1179648K
  class space    used 11153K, committed 11776K, reserved 1048576K
}
Event: 16311.401 GC heap before
{Heap before GC invocations=5327 (full 119):
 PSYoungGen      total 3584K, used 3439K [0x00000000eab00000, 0x00000000eb000000, 0x0000000100000000)
  eden space 2048K, 99% used [0x00000000eab00000,0x00000000eacffff8,0x00000000ead00000)
  from space 1536K, 90% used [0x00000000ead00000,0x00000000eae5c000,0x00000000eae80000)
  to   space 1536K, 0% used [0x00000000eae80000,0x00000000eae80000,0x00000000eb000000)
 ParOldGen       total 285696K, used 243533K [0x00000000c0000000, 0x00000000d1700000, 0x00000000eab00000)
  object space 285696K, 85% used [0x00000000c0000000,0x00000000cedd35c0,0x00000000d1700000)
 Metaspace       used 111031K, committed 112768K, reserved 1179648K
  class space    used 11153K, committed 11776K, reserved 1048576K
}
Event: 16311.404 GC heap after
{Heap after GC invocations=5327 (full 119):
 PSYoungGen      total 3584K, used 1440K [0x00000000eab00000, 0x00000000eb080000, 0x0000000100000000)
  eden space 2048K, 0% used [0x00000000eab00000,0x00000000eab00000,0x00000000ead00000)
  from space 1536K, 93% used [0x00000000eae80000,0x00000000eafe8000,0x00000000eb000000)
  to   space 1536K, 0% used [0x00000000ead00000,0x00000000ead00000,0x00000000eae80000)
 ParOldGen       total 285696K, used 244293K [0x00000000c0000000, 0x00000000d1700000, 0x00000000eab00000)
  object space 285696K, 85% used [0x00000000c0000000,0x00000000cee915c0,0x00000000d1700000)
 Metaspace       used 111031K, committed 112768K, reserved 1179648K
  class space    used 11153K, committed 11776K, reserved 1048576K
}
Event: 16311.569 GC heap before
{Heap before GC invocations=5328 (full 119):
 PSYoungGen      total 3584K, used 3487K [0x00000000eab00000, 0x00000000eb080000, 0x0000000100000000)
  eden space 2048K, 99% used [0x00000000eab00000,0x00000000eacfffb8,0x00000000ead00000)
  from space 1536K, 93% used [0x00000000eae80000,0x00000000eafe8000,0x00000000eb000000)
  to   space 1536K, 0% used [0x00000000ead00000,0x00000000ead00000,0x00000000eae80000)
 ParOldGen       total 285696K, used 244293K [0x00000000c0000000, 0x00000000d1700000, 0x00000000eab00000)
  object space 285696K, 85% used [0x00000000c0000000,0x00000000cee915c0,0x00000000d1700000)
 Metaspace       used 111031K, committed 112768K, reserved 1179648K
  class space    used 11153K, committed 11776K, reserved 1048576K
}
Event: 16311.570 GC heap after
{Heap after GC invocations=5328 (full 119):
 PSYoungGen      total 2560K, used 192K [0x00000000eab00000, 0x00000000eaf00000, 0x0000000100000000)
  eden space 2048K, 0% used [0x00000000eab00000,0x00000000eab00000,0x00000000ead00000)
  from space 512K, 37% used [0x00000000ead00000,0x00000000ead30000,0x00000000ead80000)
  to   space 1024K, 0% used [0x00000000eae00000,0x00000000eae00000,0x00000000eaf00000)
 ParOldGen       total 285696K, used 245613K [0x00000000c0000000, 0x00000000d1700000, 0x00000000eab00000)
  object space 285696K, 85% used [0x00000000c0000000,0x00000000cefdb5c0,0x00000000d1700000)
 Metaspace       used 111031K, committed 112768K, reserved 1179648K
  class space    used 11153K, committed 11776K, reserved 1048576K
}
Event: 16318.187 GC heap before
{Heap before GC invocations=5329 (full 119):
 PSYoungGen      total 2560K, used 2240K [0x00000000eab00000, 0x00000000eaf00000, 0x0000000100000000)
  eden space 2048K, 100% used [0x00000000eab00000,0x00000000ead00000,0x00000000ead00000)
  from space 512K, 37% used [0x00000000ead00000,0x00000000ead30000,0x00000000ead80000)
  to   space 1024K, 0% used [0x00000000eae00000,0x00000000eae00000,0x00000000eaf00000)
 ParOldGen       total 285696K, used 245613K [0x00000000c0000000, 0x00000000d1700000, 0x00000000eab00000)
  object space 285696K, 85% used [0x00000000c0000000,0x00000000cefdb5c0,0x00000000d1700000)
 Metaspace       used 111032K, committed 112768K, reserved 1179648K
  class space    used 11153K, committed 11776K, reserved 1048576K
}
Event: 16318.188 GC heap after
{Heap after GC invocations=5329 (full 119):
 PSYoungGen      total 2560K, used 192K [0x00000000eab00000, 0x00000000eae80000, 0x0000000100000000)
  eden space 2048K, 0% used [0x00000000eab00000,0x00000000eab00000,0x00000000ead00000)
  from space 512K, 37% used [0x00000000eae00000,0x00000000eae30000,0x00000000eae80000)
  to   space 512K, 0% used [0x00000000ead00000,0x00000000ead00000,0x00000000ead80000)
 ParOldGen       total 285696K, used 245653K [0x00000000c0000000, 0x00000000d1700000, 0x00000000eab00000)
  object space 285696K, 85% used [0x00000000c0000000,0x00000000cefe55c0,0x00000000d1700000)
 Metaspace       used 111032K, committed 112768K, reserved 1179648K
  class space    used 11153K, committed 11776K, reserved 1048576K
}
Event: 16318.429 GC heap before
{Heap before GC invocations=5330 (full 119):
 PSYoungGen      total 2560K, used 2155K [0x00000000eab00000, 0x00000000eae80000, 0x0000000100000000)
  eden space 2048K, 95% used [0x00000000eab00000,0x00000000eaceace0,0x00000000ead00000)
  from space 512K, 37% used [0x00000000eae00000,0x00000000eae30000,0x00000000eae80000)
  to   space 512K, 0% used [0x00000000ead00000,0x00000000ead00000,0x00000000ead80000)
 ParOldGen       total 285696K, used 245653K [0x00000000c0000000, 0x00000000d1700000, 0x00000000eab00000)
  object space 285696K, 85% used [0x00000000c0000000,0x00000000cefe55c0,0x00000000d1700000)
 Metaspace       used 111032K, committed 112768K, reserved 1179648K
  class space    used 11153K, committed 11776K, reserved 1048576K
}
Event: 16318.430 GC heap after
{Heap after GC invocations=5330 (full 119):
 PSYoungGen      total 2560K, used 320K [0x00000000eab00000, 0x00000000eae80000, 0x0000000100000000)
  eden space 2048K, 0% used [0x00000000eab00000,0x00000000eab00000,0x00000000ead00000)
  from space 512K, 62% used [0x00000000ead00000,0x00000000ead50000,0x00000000ead80000)
  to   space 512K, 0% used [0x00000000eae00000,0x00000000eae00000,0x00000000eae80000)
 ParOldGen       total 285696K, used 245717K [0x00000000c0000000, 0x00000000d1700000, 0x00000000eab00000)
  object space 285696K, 86% used [0x00000000c0000000,0x00000000ceff55c0,0x00000000d1700000)
 Metaspace       used 111032K, committed 112768K, reserved 1179648K
  class space    used 11153K, committed 11776K, reserved 1048576K
}
Event: 16318.439 GC heap before
{Heap before GC invocations=5331 (full 119):
 PSYoungGen      total 2560K, used 1670K [0x00000000eab00000, 0x00000000eae80000, 0x0000000100000000)
  eden space 2048K, 65% used [0x00000000eab00000,0x00000000eac51ab8,0x00000000ead00000)
  from space 512K, 62% used [0x00000000ead00000,0x00000000ead50000,0x00000000ead80000)
  to   space 512K, 0% used [0x00000000eae00000,0x00000000eae00000,0x00000000eae80000)
 ParOldGen       total 285696K, used 245717K [0x00000000c0000000, 0x00000000d1700000, 0x00000000eab00000)
  object space 285696K, 86% used [0x00000000c0000000,0x00000000ceff55c0,0x00000000d1700000)
 Metaspace       used 111032K, committed 112768K, reserved 1179648K
  class space    used 11153K, committed 11776K, reserved 1048576K
}
Event: 16318.440 GC heap after
{Heap after GC invocations=5331 (full 119):
 PSYoungGen      total 2560K, used 192K [0x00000000eab00000, 0x00000000eae80000, 0x0000000100000000)
  eden space 2048K, 0% used [0x00000000eab00000,0x00000000eab00000,0x00000000ead00000)
  from space 512K, 37% used [0x00000000eae00000,0x00000000eae30000,0x00000000eae80000)
  to   space 512K, 0% used [0x00000000ead00000,0x00000000ead00000,0x00000000ead80000)
 ParOldGen       total 285696K, used 245933K [0x00000000c0000000, 0x00000000d1700000, 0x00000000eab00000)
  object space 285696K, 86% used [0x00000000c0000000,0x00000000cf02b5d0,0x00000000d1700000)
 Metaspace       used 111032K, committed 112768K, reserved 1179648K
  class space    used 11153K, committed 11776K, reserved 1048576K
}
Event: 16318.448 GC heap before
{Heap before GC invocations=5332 (full 119):
 PSYoungGen      total 2560K, used 2077K [0x00000000eab00000, 0x00000000eae80000, 0x0000000100000000)
  eden space 2048K, 92% used [0x00000000eab00000,0x00000000eacd7630,0x00000000ead00000)
  from space 512K, 37% used [0x00000000eae00000,0x00000000eae30000,0x00000000eae80000)
  to   space 512K, 0% used [0x00000000ead00000,0x00000000ead00000,0x00000000ead80000)
 ParOldGen       total 285696K, used 245933K [0x00000000c0000000, 0x00000000d1700000, 0x00000000eab00000)
  object space 285696K, 86% used [0x00000000c0000000,0x00000000cf02b5d0,0x00000000d1700000)
 Metaspace       used 111032K, committed 112768K, reserved 1179648K
  class space    used 11153K, committed 11776K, reserved 1048576K
}
Event: 16318.449 GC heap after
{Heap after GC invocations=5332 (full 119):
 PSYoungGen      total 2560K, used 160K [0x00000000eab00000, 0x00000000eae80000, 0x0000000100000000)
  eden space 2048K, 0% used [0x00000000eab00000,0x00000000eab00000,0x00000000ead00000)
  from space 512K, 31% used [0x00000000ead00000,0x00000000ead28000,0x00000000ead80000)
  to   space 512K, 0% used [0x00000000eae00000,0x00000000eae00000,0x00000000eae80000)
 ParOldGen       total 285696K, used 245965K [0x00000000c0000000, 0x00000000d1700000, 0x00000000eab00000)
  object space 285696K, 86% used [0x00000000c0000000,0x00000000cf0335d0,0x00000000d1700000)
 Metaspace       used 111032K, committed 112768K, reserved 1179648K
  class space    used 11153K, committed 11776K, reserved 1048576K
}
Event: 16318.463 GC heap before
{Heap before GC invocations=5333 (full 119):
 PSYoungGen      total 2560K, used 2156K [0x00000000eab00000, 0x00000000eae80000, 0x0000000100000000)
  eden space 2048K, 97% used [0x00000000eab00000,0x00000000eacf30d0,0x00000000ead00000)
  from space 512K, 31% used [0x00000000ead00000,0x00000000ead28000,0x00000000ead80000)
  to   space 512K, 0% used [0x00000000eae00000,0x00000000eae00000,0x00000000eae80000)
 ParOldGen       total 285696K, used 245965K [0x00000000c0000000, 0x00000000d1700000, 0x00000000eab00000)
  object space 285696K, 86% used [0x00000000c0000000,0x00000000cf0335d0,0x00000000d1700000)
 Metaspace       used 111032K, committed 112768K, reserved 1179648K
  class space    used 11153K, committed 11776K, reserved 1048576K
}
Event: 16318.463 GC heap after
{Heap after GC invocations=5333 (full 119):
 PSYoungGen      total 2560K, used 192K [0x00000000eab00000, 0x00000000eae80000, 0x0000000100000000)
  eden space 2048K, 0% used [0x00000000eab00000,0x00000000eab00000,0x00000000ead00000)
  from space 512K, 37% used [0x00000000eae00000,0x00000000eae30000,0x00000000eae80000)
  to   space 512K, 0% used [0x00000000ead00000,0x00000000ead00000,0x00000000ead80000)
 ParOldGen       total 285696K, used 245997K [0x00000000c0000000, 0x00000000d1700000, 0x00000000eab00000)
  object space 285696K, 86% used [0x00000000c0000000,0x00000000cf03b5d0,0x00000000d1700000)
 Metaspace       used 111032K, committed 112768K, reserved 1179648K
  class space    used 11153K, committed 11776K, reserved 1048576K
}
Event: 16318.494 GC heap before
{Heap before GC invocations=5334 (full 119):
 PSYoungGen      total 2560K, used 2240K [0x00000000eab00000, 0x00000000eae80000, 0x0000000100000000)
  eden space 2048K, 100% used [0x00000000eab00000,0x00000000ead00000,0x00000000ead00000)
  from space 512K, 37% used [0x00000000eae00000,0x00000000eae30000,0x00000000eae80000)
  to   space 512K, 0% used [0x00000000ead00000,0x00000000ead00000,0x00000000ead80000)
 ParOldGen       total 285696K, used 245997K [0x00000000c0000000, 0x00000000d1700000, 0x00000000eab00000)
  object space 285696K, 86% used [0x00000000c0000000,0x00000000cf03b5d0,0x00000000d1700000)
 Metaspace       used 111032K, committed 112768K, reserved 1179648K
  class space    used 11153K, committed 11776K, reserved 1048576K
}
Event: 16318.495 GC heap after
{Heap after GC invocations=5334 (full 119):
 PSYoungGen      total 2560K, used 192K [0x00000000eab00000, 0x00000000eae80000, 0x0000000100000000)
  eden space 2048K, 0% used [0x00000000eab00000,0x00000000eab00000,0x00000000ead00000)
  from space 512K, 37% used [0x00000000ead00000,0x00000000ead30000,0x00000000ead80000)
  to   space 512K, 0% used [0x00000000eae00000,0x00000000eae00000,0x00000000eae80000)
 ParOldGen       total 285696K, used 246037K [0x00000000c0000000, 0x00000000d1700000, 0x00000000eab00000)
  object space 285696K, 86% used [0x00000000c0000000,0x00000000cf0455d0,0x00000000d1700000)
 Metaspace       used 111032K, committed 112768K, reserved 1179648K
  class space    used 11153K, committed 11776K, reserved 1048576K
}
Event: 16318.657 GC heap before
{Heap before GC invocations=5335 (full 119):
 PSYoungGen      total 2560K, used 2240K [0x00000000eab00000, 0x00000000eae80000, 0x0000000100000000)
  eden space 2048K, 100% used [0x00000000eab00000,0x00000000ead00000,0x00000000ead00000)
  from space 512K, 37% used [0x00000000ead00000,0x00000000ead30000,0x00000000ead80000)
  to   space 512K, 0% used [0x00000000eae00000,0x00000000eae00000,0x00000000eae80000)
 ParOldGen       total 285696K, used 246037K [0x00000000c0000000, 0x00000000d1700000, 0x00000000eab00000)
  object space 285696K, 86% used [0x00000000c0000000,0x00000000cf0455d0,0x00000000d1700000)
 Metaspace       used 111032K, committed 112768K, reserved 1179648K
  class space    used 11153K, committed 11776K, reserved 1048576K
}
Event: 16318.657 GC heap after
{Heap after GC invocations=5335 (full 119):
 PSYoungGen      total 2560K, used 224K [0x00000000eab00000, 0x00000000eae80000, 0x0000000100000000)
  eden space 2048K, 0% used [0x00000000eab00000,0x00000000eab00000,0x00000000ead00000)
  from space 512K, 43% used [0x00000000eae00000,0x00000000eae38000,0x00000000eae80000)
  to   space 512K, 0% used [0x00000000ead00000,0x00000000ead00000,0x00000000ead80000)
 ParOldGen       total 285696K, used 246077K [0x00000000c0000000, 0x00000000d1700000, 0x00000000eab00000)
  object space 285696K, 86% used [0x00000000c0000000,0x00000000cf04f5d0,0x00000000d1700000)
 Metaspace       used 111032K, committed 112768K, reserved 1179648K
  class space    used 11153K, committed 11776K, reserved 1048576K
}

